Flutter crash report.
Please report a bug at https://github.com/flutter/flutter/issues.

## command

flutter pub get --no-example

## exception

PathExistsException: PathExistsException: Cannot create link, path = '/Users/renzorosas/Documents/lab_renzo/new_land/nptland/windows/flutter/ephemeral/.plugin_symlinks/url_launcher_windows' (OS Error: File exists, errno = 17)

```
#0      _Link.throwIfError (dart:io/link.dart:339:7)
#1      _Link.createSync (dart:io/link.dart:267:5)
#2      ForwardingLink.createSync (package:file/src/forwarding/forwarding_link.dart:20:16)
#3      ForwardingLink.createSync (package:file/src/forwarding/forwarding_link.dart:20:16)
#4      _createPlatformPluginSymlinks (package:flutter_tools/src/flutter_plugins.dart:985:12)
#5      createPluginSymlinks (package:flutter_tools/src/flutter_plugins.dart:907:5)
#6      refreshPluginsList (package:flutter_tools/src/flutter_plugins.dart:1022:5)
<asynchronous suspension>
#7      FlutterProject.ensureReadyForPlatformSpecificTooling (package:flutter_tools/src/project.dart:379:5)
<asynchronous suspension>
#8      PackagesGetCommand.runCommand (package:flutter_tools/src/commands/packages.dart:383:7)
<asynchronous suspension>
#9      FlutterCommand.run.<anonymous closure> (package:flutter_tools/src/runner/flutter_command.dart:1408:27)
<asynchronous suspension>
#10     AppContext.run.<anonymous closure> (package:flutter_tools/src/base/context.dart:153:19)
<asynchronous suspension>
#11     CommandRunner.runCommand (package:args/command_runner.dart:212:13)
<asynchronous suspension>
#12     FlutterCommandRunner.runCommand.<anonymous closure> (package:flutter_tools/src/runner/flutter_command_runner.dart:420:9)
<asynchronous suspension>
#13     AppContext.run.<anonymous closure> (package:flutter_tools/src/base/context.dart:153:19)
<asynchronous suspension>
#14     FlutterCommandRunner.runCommand (package:flutter_tools/src/runner/flutter_command_runner.dart:364:5)
<asynchronous suspension>
#15     run.<anonymous closure>.<anonymous closure> (package:flutter_tools/runner.dart:130:9)
<asynchronous suspension>
#16     AppContext.run.<anonymous closure> (package:flutter_tools/src/base/context.dart:153:19)
<asynchronous suspension>
#17     main (package:flutter_tools/executable.dart:93:3)
<asynchronous suspension>
```

## flutter doctor

```
[✓] Flutter (Channel stable, 3.24.5, on macOS 15.1.1 24B91 darwin-arm64, locale es-PE)
    • Flutter version 3.24.5 on channel stable at /Users/renzorosas/Documents/development/flutter
    • Upstream repository https://github.com/flutter/flutter.git
    • Framework revision dec2ee5c1f (6 months ago), 2024-11-13 11:13:06 -0800
    • Engine revision a18df97ca5
    • Dart version 3.5.4
    • DevTools version 2.37.3

[✓] Android toolchain - develop for Android devices (Android SDK version 35.0.0)
    • Android SDK at /Users/renzorosas/Library/Android/sdk
    • Platform android-35, build-tools 35.0.0
    • Java binary at: /Applications/Android Studio.app/Contents/jbr/Contents/Home/bin/java
    • Java version OpenJDK Runtime Environment (build 17.0.11+0-17.0.11b1207.24-11852314)
    • All Android licenses accepted.

[✓] Xcode - develop for iOS and macOS (Xcode 16.1)
    • Xcode at /Applications/Xcode.app/Contents/Developer
    • Build 16B40
    • CocoaPods version 1.16.2

[✓] Chrome - develop for the web
    • Chrome at /Applications/Google Chrome.app/Contents/MacOS/Google Chrome

[✓] Android Studio (version 2024.1)
    • Android Studio at /Applications/Android Studio.app/Contents
    • Flutter plugin can be installed from:
      🔨 https://plugins.jetbrains.com/plugin/9212-flutter
    • Dart plugin can be installed from:
      🔨 https://plugins.jetbrains.com/plugin/6351-dart
    • Java version OpenJDK Runtime Environment (build 17.0.11+0-17.0.11b1207.24-11852314)

[✓] VS Code (version 1.95.0)
    • VS Code at /Users/renzorosas/Downloads/Visual Studio Code.app/Contents
    • Flutter extension version 3.108.0

[✓] Connected device (4 available)
    • iPhone (mobile)                 • 00008110-001149E926EBA01E • ios            • iOS 18.1.1 22B91
    • macOS (desktop)                 • macos                     • darwin-arm64   • macOS 15.1.1 24B91 darwin-arm64
    • Mac Designed for iPad (desktop) • mac-designed-for-ipad     • darwin         • macOS 15.1.1 24B91 darwin-arm64
    • Chrome (web)                    • chrome                    • web-javascript • Google Chrome 135.0.7049.115
    ! Error: Browsing on the local area network for iPhone de Renzo. Ensure the device is unlocked and attached with a cable or associated with the same local area network as this Mac.
      The device must be opted into Developer Mode to connect wirelessly. (code -27)

[✓] Network resources
    • All expected network resources are available.

• No issues found!
```
